Exception_24/07/2025_8571: [Manage-Error: El numero z% ingresado no es valido / z% / C:\Users\cdeab\OneDrive\Documents\Estudio\UJAP\S5\Calculo Numerico\matrixweb\m4tr1x_webapp\utils\validations\files.py: linea 35 / validateFileElement]
Exception_24/07/2025_3137: [Manage-Error: El numero 1122II ingresado no es valido / 1122II / C:\Users\cdeab\OneDrive\Documents\Estudio\UJAP\S5\Calculo Numerico\matrixweb\m4tr1x_webapp\utils\validations\files.py: linea 35 / validateFileElement]
Exception_24/07/2025_9906: [Manage-Error: El numero ZWKK99 ingresado no es valido / ZWKK99 / C:\Users\cdeab\OneDrive\Documents\Estudio\UJAP\S5\Calculo Numerico\matrixweb\m4tr1x_webapp\utils\validations\files.py: linea 35 / validateFileElement]
Exception_24/07/2025_6765: [Manage-Error: El numero pp ingresado no es valido / pp / C:\Users\cdeab\OneDrive\Documents\Estudio\UJAP\S5\Calculo Numerico\matrixweb\m4tr1x_webapp\utils\validations\files.py: linea 35 / validateFileElement]
Exception_24/07/2025_4296: [Manage-Error: El numero 181.171 432.10 ingresado no es valido / 181.171 432.10 / C:\Users\cdeab\OneDrive\Documents\Estudio\UJAP\S5\Calculo Numerico\matrixweb\m4tr1x_webapp\utils\validations\files.py: linea 35 / validateFileElement]
Exception_24/07/2025_7335: [Manage-Error: El numero ((&$ ingresado no es valido / ((&$ / C:\Users\cdeab\OneDrive\Documents\Estudio\UJAP\S5\Calculo Numerico\matrixweb\m4tr1x_webapp\utils\validations\files.py: linea 35 / validateFileElement]
Exception_24/07/2025_9564: [Manage-Error: El numero 191.181 876.54 ingresado no es valido / 191.181 876.54 / C:\Users\cdeab\OneDrive\Documents\Estudio\UJAP\S5\Calculo Numerico\matrixweb\m4tr1x_webapp\utils\validations\files.py: linea 35 / validateFileElement]
Exception_24/07/2025_9440: [Manage-Error: El numero z% ingresado no es valido / z% / C:\Users\cdeab\OneDrive\Documents\Estudio\UJAP\S5\Calculo Numerico\matrixweb\m4tr1x_webapp\utils\validations\files.py: linea 35 / validateFileElement]
Exception_24/07/2025_1993: [Manage-Error: El numero 1122II ingresado no es valido / 1122II / C:\Users\cdeab\OneDrive\Documents\Estudio\UJAP\S5\Calculo Numerico\matrixweb\m4tr1x_webapp\utils\validations\files.py: linea 35 / validateFileElement]
Exception_24/07/2025_8123: [Manage-Error: El numero ZWKK99 ingresado no es valido / ZWKK99 / C:\Users\cdeab\OneDrive\Documents\Estudio\UJAP\S5\Calculo Numerico\matrixweb\m4tr1x_webapp\utils\validations\files.py: linea 35 / validateFileElement]
Exception_24/07/2025_6008: [Manage-Error: El numero pp ingresado no es valido / pp / C:\Users\cdeab\OneDrive\Documents\Estudio\UJAP\S5\Calculo Numerico\matrixweb\m4tr1x_webapp\utils\validations\files.py: linea 35 / validateFileElement]
Exception_24/07/2025_4921: [Manage-Error: El numero 181.171 432.10 ingresado no es valido / 181.171 432.10 / C:\Users\cdeab\OneDrive\Documents\Estudio\UJAP\S5\Calculo Numerico\matrixweb\m4tr1x_webapp\utils\validations\files.py: linea 35 / validateFileElement]
Exception_24/07/2025_1204: [Manage-Error: El numero ((&$ ingresado no es valido / ((&$ / C:\Users\cdeab\OneDrive\Documents\Estudio\UJAP\S5\Calculo Numerico\matrixweb\m4tr1x_webapp\utils\validations\files.py: linea 35 / validateFileElement]
Exception_24/07/2025_8711: [Manage-Error: El numero 191.181 876.54 ingresado no es valido / 191.181 876.54 / C:\Users\cdeab\OneDrive\Documents\Estudio\UJAP\S5\Calculo Numerico\matrixweb\m4tr1x_webapp\utils\validations\files.py: linea 35 / validateFileElement]
Exception_24/07/2025_8472: [Manage-Error: El numero z% ingresado no es valido / z% / C:\Users\cdeab\OneDrive\Documents\Estudio\UJAP\S5\Calculo Numerico\matrixweb\m4tr1x_webapp\utils\validations\files.py: linea 35 / validateFileElement]
Exception_24/07/2025_2772: [Manage-Error: El numero 1122II ingresado no es valido / 1122II / C:\Users\cdeab\OneDrive\Documents\Estudio\UJAP\S5\Calculo Numerico\matrixweb\m4tr1x_webapp\utils\validations\files.py: linea 35 / validateFileElement]
Exception_24/07/2025_8265: [Manage-Error: El numero ZWKK99 ingresado no es valido / ZWKK99 / C:\Users\cdeab\OneDrive\Documents\Estudio\UJAP\S5\Calculo Numerico\matrixweb\m4tr1x_webapp\utils\validations\files.py: linea 35 / validateFileElement]
Exception_24/07/2025_6210: [Manage-Error: El numero pp ingresado no es valido / pp / C:\Users\cdeab\OneDrive\Documents\Estudio\UJAP\S5\Calculo Numerico\matrixweb\m4tr1x_webapp\utils\validations\files.py: linea 35 / validateFileElement]
Exception_24/07/2025_9721: [Manage-Error: El numero 181.171 432.10 ingresado no es valido / 181.171 432.10 / C:\Users\cdeab\OneDrive\Documents\Estudio\UJAP\S5\Calculo Numerico\matrixweb\m4tr1x_webapp\utils\validations\files.py: linea 35 / validateFileElement]
Exception_24/07/2025_5414: [Manage-Error: El numero ((&$ ingresado no es valido / ((&$ / C:\Users\cdeab\OneDrive\Documents\Estudio\UJAP\S5\Calculo Numerico\matrixweb\m4tr1x_webapp\utils\validations\files.py: linea 35 / validateFileElement]
Exception_24/07/2025_8283: [Manage-Error: El numero 191.181 876.54 ingresado no es valido / 191.181 876.54 / C:\Users\cdeab\OneDrive\Documents\Estudio\UJAP\S5\Calculo Numerico\matrixweb\m4tr1x_webapp\utils\validations\files.py: linea 35 / validateFileElement]
Exception_24/07/2025_1158: [Manage-Error: El numero z% ingresado no es valido / z% / C:\Users\cdeab\OneDrive\Documents\Estudio\UJAP\S5\Calculo Numerico\matrixweb\m4tr1x_webapp\utils\validations\files.py: linea 35 / validateFileElement]
Exception_24/07/2025_3169: [Manage-Error: El numero 1122II ingresado no es valido / 1122II / C:\Users\cdeab\OneDrive\Documents\Estudio\UJAP\S5\Calculo Numerico\matrixweb\m4tr1x_webapp\utils\validations\files.py: linea 35 / validateFileElement]
Exception_24/07/2025_8504: [Manage-Error: El numero ZWKK99 ingresado no es valido / ZWKK99 / C:\Users\cdeab\OneDrive\Documents\Estudio\UJAP\S5\Calculo Numerico\matrixweb\m4tr1x_webapp\utils\validations\files.py: linea 35 / validateFileElement]
Exception_24/07/2025_8959: [Manage-Error: El numero pp ingresado no es valido / pp / C:\Users\cdeab\OneDrive\Documents\Estudio\UJAP\S5\Calculo Numerico\matrixweb\m4tr1x_webapp\utils\validations\files.py: linea 35 / validateFileElement]
Exception_24/07/2025_4869: [Manage-Error: El numero 181.171 432.10 ingresado no es valido / 181.171 432.10 / C:\Users\cdeab\OneDrive\Documents\Estudio\UJAP\S5\Calculo Numerico\matrixweb\m4tr1x_webapp\utils\validations\files.py: linea 35 / validateFileElement]
Exception_24/07/2025_7943: [Manage-Error: El numero ((&$ ingresado no es valido / ((&$ / C:\Users\cdeab\OneDrive\Documents\Estudio\UJAP\S5\Calculo Numerico\matrixweb\m4tr1x_webapp\utils\validations\files.py: linea 35 / validateFileElement]
Exception_24/07/2025_3376: [Manage-Error: El numero 191.181 876.54 ingresado no es valido / 191.181 876.54 / C:\Users\cdeab\OneDrive\Documents\Estudio\UJAP\S5\Calculo Numerico\matrixweb\m4tr1x_webapp\utils\validations\files.py: linea 35 / validateFileElement]
Exception_24/07/2025_7098: [Manage-Error: El numero z% ingresado no es valido / z% / C:\Users\cdeab\OneDrive\Documents\Estudio\UJAP\S5\Calculo Numerico\matrixweb\m4tr1x_webapp\utils\validations\files.py: linea 35 / validateFileElement]
Exception_24/07/2025_8687: [Manage-Error: El numero 1122II ingresado no es valido / 1122II / C:\Users\cdeab\OneDrive\Documents\Estudio\UJAP\S5\Calculo Numerico\matrixweb\m4tr1x_webapp\utils\validations\files.py: linea 35 / validateFileElement]
Exception_24/07/2025_6082: [Manage-Error: El numero ZWKK99 ingresado no es valido / ZWKK99 / C:\Users\cdeab\OneDrive\Documents\Estudio\UJAP\S5\Calculo Numerico\matrixweb\m4tr1x_webapp\utils\validations\files.py: linea 35 / validateFileElement]
Exception_24/07/2025_7765: [Manage-Error: El numero pp ingresado no es valido / pp / C:\Users\cdeab\OneDrive\Documents\Estudio\UJAP\S5\Calculo Numerico\matrixweb\m4tr1x_webapp\utils\validations\files.py: linea 35 / validateFileElement]
Exception_24/07/2025_6047: [Manage-Error: El numero 181.171 432.10 ingresado no es valido / 181.171 432.10 / C:\Users\cdeab\OneDrive\Documents\Estudio\UJAP\S5\Calculo Numerico\matrixweb\m4tr1x_webapp\utils\validations\files.py: linea 35 / validateFileElement]
Exception_24/07/2025_6589: [Manage-Error: El numero ((&$ ingresado no es valido / ((&$ / C:\Users\cdeab\OneDrive\Documents\Estudio\UJAP\S5\Calculo Numerico\matrixweb\m4tr1x_webapp\utils\validations\files.py: linea 35 / validateFileElement]
Exception_24/07/2025_4252: [Manage-Error: El numero 191.181 876.54 ingresado no es valido / 191.181 876.54 / C:\Users\cdeab\OneDrive\Documents\Estudio\UJAP\S5\Calculo Numerico\matrixweb\m4tr1x_webapp\utils\validations\files.py: linea 35 / validateFileElement]
Exception_24/07/2025_2371: [Manage-Error: El numero z% ingresado no es valido / z% / C:\Users\cdeab\OneDrive\Documents\Estudio\UJAP\S5\Calculo Numerico\matrixweb\m4tr1x_webapp\utils\validations\files.py: linea 35 / validateFileElement]
Exception_24/07/2025_9061: [Manage-Error: El numero 1122II ingresado no es valido / 1122II / C:\Users\cdeab\OneDrive\Documents\Estudio\UJAP\S5\Calculo Numerico\matrixweb\m4tr1x_webapp\utils\validations\files.py: linea 35 / validateFileElement]
Exception_24/07/2025_5933: [Manage-Error: El numero ZWKK99 ingresado no es valido / ZWKK99 / C:\Users\cdeab\OneDrive\Documents\Estudio\UJAP\S5\Calculo Numerico\matrixweb\m4tr1x_webapp\utils\validations\files.py: linea 35 / validateFileElement]
Exception_24/07/2025_6067: [Manage-Error: El numero pp ingresado no es valido / pp / C:\Users\cdeab\OneDrive\Documents\Estudio\UJAP\S5\Calculo Numerico\matrixweb\m4tr1x_webapp\utils\validations\files.py: linea 35 / validateFileElement]
Exception_24/07/2025_6507: [Manage-Error: El numero 181.171 432.10 ingresado no es valido / 181.171 432.10 / C:\Users\cdeab\OneDrive\Documents\Estudio\UJAP\S5\Calculo Numerico\matrixweb\m4tr1x_webapp\utils\validations\files.py: linea 35 / validateFileElement]
Exception_24/07/2025_5962: [Manage-Error: El numero ((&$ ingresado no es valido / ((&$ / C:\Users\cdeab\OneDrive\Documents\Estudio\UJAP\S5\Calculo Numerico\matrixweb\m4tr1x_webapp\utils\validations\files.py: linea 35 / validateFileElement]
Exception_24/07/2025_6789: [Manage-Error: El numero 191.181 876.54 ingresado no es valido / 191.181 876.54 / C:\Users\cdeab\OneDrive\Documents\Estudio\UJAP\S5\Calculo Numerico\matrixweb\m4tr1x_webapp\utils\validations\files.py: linea 35 / validateFileElement]
Exception_24/07/2025_8407: [Manage-Error: El numero z% ingresado no es valido / z% / C:\Users\cdeab\OneDrive\Documents\Estudio\UJAP\S5\Calculo Numerico\matrixweb\m4tr1x_webapp\utils\validations\files.py: linea 35 / validateFileElement]
Exception_24/07/2025_8329: [Manage-Error: El numero 1122II ingresado no es valido / 1122II / C:\Users\cdeab\OneDrive\Documents\Estudio\UJAP\S5\Calculo Numerico\matrixweb\m4tr1x_webapp\utils\validations\files.py: linea 35 / validateFileElement]
Exception_24/07/2025_9610: [Manage-Error: El numero ZWKK99 ingresado no es valido / ZWKK99 / C:\Users\cdeab\OneDrive\Documents\Estudio\UJAP\S5\Calculo Numerico\matrixweb\m4tr1x_webapp\utils\validations\files.py: linea 35 / validateFileElement]
Exception_24/07/2025_6753: [Manage-Error: El numero pp ingresado no es valido / pp / C:\Users\cdeab\OneDrive\Documents\Estudio\UJAP\S5\Calculo Numerico\matrixweb\m4tr1x_webapp\utils\validations\files.py: linea 35 / validateFileElement]
Exception_24/07/2025_3558: [Manage-Error: El numero 181.171 432.10 ingresado no es valido / 181.171 432.10 / C:\Users\cdeab\OneDrive\Documents\Estudio\UJAP\S5\Calculo Numerico\matrixweb\m4tr1x_webapp\utils\validations\files.py: linea 35 / validateFileElement]
Exception_24/07/2025_3428: [Manage-Error: El numero ((&$ ingresado no es valido / ((&$ / C:\Users\cdeab\OneDrive\Documents\Estudio\UJAP\S5\Calculo Numerico\matrixweb\m4tr1x_webapp\utils\validations\files.py: linea 35 / validateFileElement]
Exception_24/07/2025_9349: [Manage-Error: El numero 191.181 876.54 ingresado no es valido / 191.181 876.54 / C:\Users\cdeab\OneDrive\Documents\Estudio\UJAP\S5\Calculo Numerico\matrixweb\m4tr1x_webapp\utils\validations\files.py: linea 35 / validateFileElement]
Exception_24/07/2025_8259: [Manage-Error: El numero z% ingresado no es valido / z% / C:\Users\cdeab\OneDrive\Documents\Estudio\UJAP\S5\Calculo Numerico\matrixweb\m4tr1x_webapp\utils\validations\files.py: linea 35 / validateFileElement]
Exception_24/07/2025_6092: [Manage-Error: El numero 1122II ingresado no es valido / 1122II / C:\Users\cdeab\OneDrive\Documents\Estudio\UJAP\S5\Calculo Numerico\matrixweb\m4tr1x_webapp\utils\validations\files.py: linea 35 / validateFileElement]
Exception_24/07/2025_6333: [Manage-Error: El numero ZWKK99 ingresado no es valido / ZWKK99 / C:\Users\cdeab\OneDrive\Documents\Estudio\UJAP\S5\Calculo Numerico\matrixweb\m4tr1x_webapp\utils\validations\files.py: linea 35 / validateFileElement]
Exception_24/07/2025_6050: [Manage-Error: El numero pp ingresado no es valido / pp / C:\Users\cdeab\OneDrive\Documents\Estudio\UJAP\S5\Calculo Numerico\matrixweb\m4tr1x_webapp\utils\validations\files.py: linea 35 / validateFileElement]
Exception_24/07/2025_5084: [Manage-Error: El numero 181.171 432.10 ingresado no es valido / 181.171 432.10 / C:\Users\cdeab\OneDrive\Documents\Estudio\UJAP\S5\Calculo Numerico\matrixweb\m4tr1x_webapp\utils\validations\files.py: linea 35 / validateFileElement]
Exception_24/07/2025_1562: [Manage-Error: El numero ((&$ ingresado no es valido / ((&$ / C:\Users\cdeab\OneDrive\Documents\Estudio\UJAP\S5\Calculo Numerico\matrixweb\m4tr1x_webapp\utils\validations\files.py: linea 35 / validateFileElement]
Exception_24/07/2025_6199: [Manage-Error: El numero 191.181 876.54 ingresado no es valido / 191.181 876.54 / C:\Users\cdeab\OneDrive\Documents\Estudio\UJAP\S5\Calculo Numerico\matrixweb\m4tr1x_webapp\utils\validations\files.py: linea 35 / validateFileElement]
Exception_24/07/2025_2460: [Manage-Error: El numero z% ingresado no es valido / z% / C:\Users\cdeab\OneDrive\Documents\Estudio\UJAP\S5\Calculo Numerico\matrixweb\m4tr1x_webapp\utils\validations\files.py: linea 35 / validateFileElement]
Exception_24/07/2025_4651: [Manage-Error: El numero 1122II ingresado no es valido / 1122II / C:\Users\cdeab\OneDrive\Documents\Estudio\UJAP\S5\Calculo Numerico\matrixweb\m4tr1x_webapp\utils\validations\files.py: linea 35 / validateFileElement]
Exception_24/07/2025_7761: [Manage-Error: El numero ZWKK99 ingresado no es valido / ZWKK99 / C:\Users\cdeab\OneDrive\Documents\Estudio\UJAP\S5\Calculo Numerico\matrixweb\m4tr1x_webapp\utils\validations\files.py: linea 35 / validateFileElement]
Exception_24/07/2025_7611: [Manage-Error: El numero pp ingresado no es valido / pp / C:\Users\cdeab\OneDrive\Documents\Estudio\UJAP\S5\Calculo Numerico\matrixweb\m4tr1x_webapp\utils\validations\files.py: linea 35 / validateFileElement]
Exception_24/07/2025_2293: [Manage-Error: El numero 181.171 432.10 ingresado no es valido / 181.171 432.10 / C:\Users\cdeab\OneDrive\Documents\Estudio\UJAP\S5\Calculo Numerico\matrixweb\m4tr1x_webapp\utils\validations\files.py: linea 35 / validateFileElement]
Exception_24/07/2025_3081: [Manage-Error: El numero ((&$ ingresado no es valido / ((&$ / C:\Users\cdeab\OneDrive\Documents\Estudio\UJAP\S5\Calculo Numerico\matrixweb\m4tr1x_webapp\utils\validations\files.py: linea 35 / validateFileElement]
Exception_24/07/2025_7646: [Manage-Error: El numero 191.181 876.54 ingresado no es valido / 191.181 876.54 / C:\Users\cdeab\OneDrive\Documents\Estudio\UJAP\S5\Calculo Numerico\matrixweb\m4tr1x_webapp\utils\validations\files.py: linea 35 / validateFileElement]
